<?xml version="1.0" encoding="UTF-8"?>
<testng-results ignored="0" total="1" passed="1" failed="0" skipped="0">
  <reporter-output>
  </reporter-output>
  <suite started-at="2024-07-10T02:49:28Z" name="Default suite" finished-at="2024-07-10T02:50:02Z" duration-ms="33590">
    <groups>
    </groups>
    <test started-at="2024-07-10T02:49:28Z" name="Default test" finished-at="2024-07-10T02:50:02Z" duration-ms="33590">
      <class name="test.AddCustomerTest">
        <test-method signature="userShouldBeAbleToCreateNewCustomer()[pri:0, instance:test.AddCustomerTest@7adbd080]" started-at="2024-07-10T02:49:28Z" name="userShouldBeAbleToCreateNewCustomer" finished-at="2024-07-10T02:50:02Z" duration-ms="33571" status="PASS">
          <reporter-output>
          </reporter-output>
        </test-method> <!-- userShouldBeAbleToCreateNewCustomer -->
      </class> <!-- test.AddCustomerTest -->
    </test> <!-- Default test -->
  </suite> <!-- Default suite -->
</testng-results>
